Flow report for RS65816
Mon Jun 06 01:31:18 2022
Quartus Prime Version 20.1.0 Build 711 06/05/2020 SJ Lite Edition


---------------------
; Table of Contents ;
---------------------
  1. Legal Notice
  2. Flow Summary
  3. Flow Settings
  4. Flow Non-Default Global Settings
  5. Flow Elapsed Time
  6. Flow OS Summary
  7. Flow Log
  8. Flow Messages
  9. Flow Suppressed Messages



----------------
; Legal Notice ;
----------------
Copyright (C) 2020  Intel Corporation. All rights reserved.
Your use of Intel Corporation's design tools, logic functions 
and other software and tools, and any partner logic 
functions, and any output files from any of the foregoing 
(including device programming or simulation files), and any 
associated documentation or information are expressly subject 
to the terms and conditions of the Intel Program License 
Subscription Agreement, the Intel Quartus Prime License Agreement,
the Intel FPGA IP License Agreement, or other applicable license
agreement, including, without limitation, that your use is for
the sole purpose of programming logic devices manufactured by
Intel and sold by Intel or its authorized distributors.  Please
refer to the applicable agreement for further details, at
https://fpgasoftware.intel.com/eula.



+----------------------------------------------------------------------------------+
; Flow Summary                                                                     ;
+------------------------------------+---------------------------------------------+
; Flow Status                        ; Successful - Mon Jun 06 01:31:18 2022       ;
; Quartus Prime Version              ; 20.1.0 Build 711 06/05/2020 SJ Lite Edition ;
; Revision Name                      ; RS65816                                     ;
; Top-level Entity Name              ; RS65816                                     ;
; Family                             ; Cyclone IV E                                ;
; Device                             ; EP4CE6E22C8                                 ;
; Timing Models                      ; Final                                       ;
; Total logic elements               ; 4,462 / 6,272 ( 71 % )                      ;
;     Total combinational functions  ; 4,058 / 6,272 ( 65 % )                      ;
;     Dedicated logic registers      ; 1,878 / 6,272 ( 30 % )                      ;
; Total registers                    ; 1943                                        ;
; Total pins                         ; 77 / 92 ( 84 % )                            ;
; Total virtual pins                 ; 0                                           ;
; Total memory bits                  ; 163,584 / 276,480 ( 59 % )                  ;
; Embedded Multiplier 9-bit elements ; 0 / 30 ( 0 % )                              ;
; Total PLLs                         ; 1 / 2 ( 50 % )                              ;
+------------------------------------+---------------------------------------------+


+-----------------------------------------+
; Flow Settings                           ;
+-------------------+---------------------+
; Option            ; Setting             ;
+-------------------+---------------------+
; Start date & time ; 06/06/2022 01:24:21 ;
; Main task         ; Compilation         ;
; Revision Name     ; RS65816             ;
+-------------------+---------------------+


+-------------------------------------------------------------------------------------------------------------------------+
; Flow Non-Default Global Settings                                                                                        ;
+-------------------------------------+----------------------------------------+---------------+-------------+------------+
; Assignment Name                     ; Value                                  ; Default Value ; Entity Name ; Section Id ;
+-------------------------------------+----------------------------------------+---------------+-------------+------------+
; COMPILER_SIGNATURE_ID               ; 102228228538005.165447146103828        ; --            ; --          ; --         ;
; FLOW_ENABLE_RTL_VIEWER              ; On                                     ; Off           ; --          ; --         ;
; MAX_CORE_JUNCTION_TEMP              ; 85                                     ; --            ; --          ; --         ;
; MIN_CORE_JUNCTION_TEMP              ; 0                                      ; --            ; --          ; --         ;
; MISC_FILE                           ; lineram.cmp                            ; --            ; --          ; --         ;
; MISC_FILE                           ; spriteRam.cmp                          ; --            ; --          ; --         ;
; MISC_FILE                           ; spritePalette.cmp                      ; --            ; --          ; --         ;
; MISC_FILE                           ; palette.cmp                            ; --            ; --          ; --         ;
; MISC_FILE                           ; fontRam.cmp                            ; --            ; --          ; --         ;
; MISC_FILE                           ; pll.cmp                                ; --            ; --          ; --         ;
; MISC_FILE                           ; pll.ppf                                ; --            ; --          ; --         ;
; MISC_FILE                           ; kernel.cmp                             ; --            ; --          ; --         ;
; MISC_FILE                           ; sysram.cmp                             ; --            ; --          ; --         ;
; MISC_FILE                           ; opcodes.cmp                            ; --            ; --          ; --         ;
; MISC_FILE                           ; add16.cmp                              ; --            ; --          ; --         ;
; MISC_FILE                           ; add24_1.cmp                            ; --            ; --          ; --         ;
; MISC_FILE                           ; sub24_1.cmp                            ; --            ; --          ; --         ;
; MISC_FILE                           ; add16DinX.cmp                          ; --            ; --          ; --         ;
; MISC_FILE                           ; add8.cmp                               ; --            ; --          ; --         ;
; MISC_FILE                           ; colorRam.cmp                           ; --            ; --          ; --         ;
; MISC_FILE                           ; myos.cmp                               ; --            ; --          ; --         ;
; NOMINAL_CORE_SUPPLY_VOLTAGE         ; 1.2V                                   ; --            ; --          ; --         ;
; NUM_PARALLEL_PROCESSORS             ; 4                                      ; --            ; --          ; --         ;
; PARTITION_COLOR                     ; -- (Not supported for targeted family) ; --            ; --          ; Top        ;
; PARTITION_FITTER_PRESERVATION_LEVEL ; -- (Not supported for targeted family) ; --            ; --          ; Top        ;
; PARTITION_NETLIST_TYPE              ; -- (Not supported for targeted family) ; --            ; --          ; Top        ;
; POWER_BOARD_THERMAL_MODEL           ; None (CONSERVATIVE)                    ; --            ; --          ; --         ;
; POWER_PRESET_COOLING_SOLUTION       ; 23 MM HEAT SINK WITH 200 LFPM AIRFLOW  ; --            ; --          ; --         ;
; PROJECT_OUTPUT_DIRECTORY            ; output_files                           ; --            ; --          ; --         ;
; SAVE_DISK_SPACE                     ; Off                                    ; On            ; --          ; --         ;
; SMART_RECOMPILE                     ; On                                     ; Off           ; --          ; --         ;
; VHDL_INPUT_VERSION                  ; VHDL_2008                              ; VHDL_1993     ; --          ; --         ;
; VHDL_SHOW_LMF_MAPPING_MESSAGES      ; Off                                    ; --            ; --          ; --         ;
+-------------------------------------+----------------------------------------+---------------+-------------+------------+


+--------------------------------------------------------------------------------------------------------------------------+
; Flow Elapsed Time                                                                                                        ;
+----------------------+--------------+-------------------------+---------------------+------------------------------------+
; Module Name          ; Elapsed Time ; Average Processors Used ; Peak Virtual Memory ; Total CPU Time (on all processors) ;
+----------------------+--------------+-------------------------+---------------------+------------------------------------+
; Analysis & Synthesis ; 00:00:47     ; 1.0                     ; 4872 MB             ; 00:01:18                           ;
; Fitter               ; 00:00:29     ; 1.1                     ; 5562 MB             ; 00:00:48                           ;
; Assembler            ; 00:00:02     ; 1.0                     ; 4699 MB             ; 00:00:02                           ;
; Timing Analyzer      ; 00:00:05     ; 1.4                     ; 4825 MB             ; 00:00:06                           ;
; MIF/HEX Update       ; 00:00:01     ; 1.0                     ; 4708 MB             ; 00:00:01                           ;
; Total                ; 00:01:24     ; --                      ; --                  ; 00:02:15                           ;
+----------------------+--------------+-------------------------+---------------------+------------------------------------+


+------------------------------------------------------------------------------------+
; Flow OS Summary                                                                    ;
+----------------------+------------------+------------+------------+----------------+
; Module Name          ; Machine Hostname ; OS Name    ; OS Version ; Processor type ;
+----------------------+------------------+------------+------------+----------------+
; Analysis & Synthesis ; DESKTOP-OG6F1KT  ; Windows 10 ; 10.0       ; x86_64         ;
; Fitter               ; DESKTOP-OG6F1KT  ; Windows 10 ; 10.0       ; x86_64         ;
; Assembler            ; DESKTOP-OG6F1KT  ; Windows 10 ; 10.0       ; x86_64         ;
; Timing Analyzer      ; DESKTOP-OG6F1KT  ; Windows 10 ; 10.0       ; x86_64         ;
; MIF/HEX Update       ; DESKTOP-OG6F1KT  ; Windows 10 ; 10.0       ; x86_64         ;
+----------------------+------------------+------------+------------+----------------+


------------
; Flow Log ;
------------
quartus_map --read_settings_files=on --write_settings_files=off RS65816 -c RS65816
quartus_fit --read_settings_files=off --write_settings_files=off RS65816 -c RS65816
quartus_asm --read_settings_files=off --write_settings_files=off RS65816 -c RS65816
quartus_sta RS65816 -c RS65816
quartus_cdb RS65816 -c RS65816 --update_mif



