MIF/HEX Update report for RS65816
Mon Jun 06 01:31:18 2022
Quartus Prime Version 20.1.0 Build 711 06/05/2020 SJ Lite Edition


---------------------
; Table of Contents ;
---------------------
  1. Legal Notice
  2. MIF/HEX Update Summary
  3. MIF/HEX Update Processed Files
  4. MIF/HEX Update Messages



----------------
; Legal Notice ;
----------------
Copyright (C) 2020  Intel Corporation. All rights reserved.
Your use of Intel Corporation's design tools, logic functions 
and other software and tools, and any partner logic 
functions, and any output files from any of the foregoing 
(including device programming or simulation files), and any 
associated documentation or information are expressly subject 
to the terms and conditions of the Intel Program License 
Subscription Agreement, the Intel Quartus Prime License Agreement,
the Intel FPGA IP License Agreement, or other applicable license
agreement, including, without limitation, that your use is for
the sole purpose of programming logic devices manufactured by
Intel and sold by Intel or its authorized distributors.  Please
refer to the applicable agreement for further details, at
https://fpgasoftware.intel.com/eula.



+---------------------------------------------------------------+
; MIF/HEX Update Summary                                        ;
+-----------------------+---------------------------------------+
; MIF/HEX Update Status ; Successful - Mon Jun 06 01:31:18 2022 ;
; Revision Name         ; RS65816                               ;
; Top-level Entity Name ; RS65816                               ;
; Family                ; Cyclone IV E                          ;
; Device                ; EP4CE6E22C8                           ;
+-----------------------+---------------------------------------+


+----------------------------------------------------+
; MIF/HEX Update Processed Files                     ;
+----------------------------------------------------+
; File Name                                          ;
+----------------------------------------------------+
; C:/github/atari-my65816/release/font.hex           ;
; C:/github/atari-my65816/release/kernelstart_00.hex ;
; C:/github/atari-my65816/release/myos_00.hex        ;
; C:/github/atari-my65816/res/palette.mif            ;
; C:/github/fpga-my65818/opcodes_test.mif            ;
+----------------------------------------------------+


+-------------------------+
; MIF/HEX Update Messages ;
+-------------------------+
Info: *******************************************************************
Info: Running Quartus Prime MIF/HEX Update
    Info: Version 20.1.0 Build 711 06/05/2020 SJ Lite Edition
    Info: Processing started: Mon Jun 06 01:31:17 2022
Info: Command: quartus_cdb RS65816 -c RS65816 --update_mif
Warning (113015): Width of data items in "kernelstart_00.hex" is greater than the memory width. Wrapping data items to subsequent addresses. Found 257 warnings, reporting 10 File: C:/github/atari-my65816/release/kernelstart_00.hex Line: 1
    Warning (113009): Data at line (1) of memory initialization file "kernelstart_00.hex" is too wide to fit in one memory word. Wrapping data to subsequent addresses. File: C:/github/atari-my65816/release/kernelstart_00.hex Line: 1
    Warning (113009): Data at line (2) of memory initialization file "kernelstart_00.hex" is too wide to fit in one memory word. Wrapping data to subsequent addresses. File: C:/github/atari-my65816/release/kernelstart_00.hex Line: 2
    Warning (113009): Data at line (3) of memory initialization file "kernelstart_00.hex" is too wide to fit in one memory word. Wrapping data to subsequent addresses. File: C:/github/atari-my65816/release/kernelstart_00.hex Line: 3
    Warning (113009): Data at line (4) of memory initialization file "kernelstart_00.hex" is too wide to fit in one memory word. Wrapping data to subsequent addresses. File: C:/github/atari-my65816/release/kernelstart_00.hex Line: 4
    Warning (113009): Data at line (5) of memory initialization file "kernelstart_00.hex" is too wide to fit in one memory word. Wrapping data to subsequent addresses. File: C:/github/atari-my65816/release/kernelstart_00.hex Line: 5
    Warning (113009): Data at line (6) of memory initialization file "kernelstart_00.hex" is too wide to fit in one memory word. Wrapping data to subsequent addresses. File: C:/github/atari-my65816/release/kernelstart_00.hex Line: 6
    Warning (113009): Data at line (7) of memory initialization file "kernelstart_00.hex" is too wide to fit in one memory word. Wrapping data to subsequent addresses. File: C:/github/atari-my65816/release/kernelstart_00.hex Line: 7
    Warning (113009): Data at line (8) of memory initialization file "kernelstart_00.hex" is too wide to fit in one memory word. Wrapping data to subsequent addresses. File: C:/github/atari-my65816/release/kernelstart_00.hex Line: 8
    Warning (113009): Data at line (9) of memory initialization file "kernelstart_00.hex" is too wide to fit in one memory word. Wrapping data to subsequent addresses. File: C:/github/atari-my65816/release/kernelstart_00.hex Line: 9
    Warning (113009): Data at line (10) of memory initialization file "kernelstart_00.hex" is too wide to fit in one memory word. Wrapping data to subsequent addresses. File: C:/github/atari-my65816/release/kernelstart_00.hex Line: 10
Warning (113015): Width of data items in "myos_00.hex" is greater than the memory width. Wrapping data items to subsequent addresses. Found 256 warnings, reporting 10 File: C:/github/atari-my65816/release/myos_00.hex Line: 1
    Warning (113009): Data at line (1) of memory initialization file "myos_00.hex" is too wide to fit in one memory word. Wrapping data to subsequent addresses. File: C:/github/atari-my65816/release/myos_00.hex Line: 1
    Warning (113009): Data at line (2) of memory initialization file "myos_00.hex" is too wide to fit in one memory word. Wrapping data to subsequent addresses. File: C:/github/atari-my65816/release/myos_00.hex Line: 2
    Warning (113009): Data at line (3) of memory initialization file "myos_00.hex" is too wide to fit in one memory word. Wrapping data to subsequent addresses. File: C:/github/atari-my65816/release/myos_00.hex Line: 3
    Warning (113009): Data at line (4) of memory initialization file "myos_00.hex" is too wide to fit in one memory word. Wrapping data to subsequent addresses. File: C:/github/atari-my65816/release/myos_00.hex Line: 4
    Warning (113009): Data at line (5) of memory initialization file "myos_00.hex" is too wide to fit in one memory word. Wrapping data to subsequent addresses. File: C:/github/atari-my65816/release/myos_00.hex Line: 5
    Warning (113009): Data at line (6) of memory initialization file "myos_00.hex" is too wide to fit in one memory word. Wrapping data to subsequent addresses. File: C:/github/atari-my65816/release/myos_00.hex Line: 6
    Warning (113009): Data at line (7) of memory initialization file "myos_00.hex" is too wide to fit in one memory word. Wrapping data to subsequent addresses. File: C:/github/atari-my65816/release/myos_00.hex Line: 7
    Warning (113009): Data at line (8) of memory initialization file "myos_00.hex" is too wide to fit in one memory word. Wrapping data to subsequent addresses. File: C:/github/atari-my65816/release/myos_00.hex Line: 8
    Warning (113009): Data at line (9) of memory initialization file "myos_00.hex" is too wide to fit in one memory word. Wrapping data to subsequent addresses. File: C:/github/atari-my65816/release/myos_00.hex Line: 9
    Warning (113009): Data at line (10) of memory initialization file "myos_00.hex" is too wide to fit in one memory word. Wrapping data to subsequent addresses. File: C:/github/atari-my65816/release/myos_00.hex Line: 10
Warning (113015): Width of data items in "font.hex" is greater than the memory width. Wrapping data items to subsequent addresses. Found 64 warnings, reporting 10 File: C:/github/atari-my65816/release/font.hex Line: 1
    Warning (113009): Data at line (1) of memory initialization file "font.hex" is too wide to fit in one memory word. Wrapping data to subsequent addresses. File: C:/github/atari-my65816/release/font.hex Line: 1
    Warning (113009): Data at line (2) of memory initialization file "font.hex" is too wide to fit in one memory word. Wrapping data to subsequent addresses. File: C:/github/atari-my65816/release/font.hex Line: 2
    Warning (113009): Data at line (3) of memory initialization file "font.hex" is too wide to fit in one memory word. Wrapping data to subsequent addresses. File: C:/github/atari-my65816/release/font.hex Line: 3
    Warning (113009): Data at line (4) of memory initialization file "font.hex" is too wide to fit in one memory word. Wrapping data to subsequent addresses. File: C:/github/atari-my65816/release/font.hex Line: 4
    Warning (113009): Data at line (5) of memory initialization file "font.hex" is too wide to fit in one memory word. Wrapping data to subsequent addresses. File: C:/github/atari-my65816/release/font.hex Line: 5
    Warning (113009): Data at line (6) of memory initialization file "font.hex" is too wide to fit in one memory word. Wrapping data to subsequent addresses. File: C:/github/atari-my65816/release/font.hex Line: 6
    Warning (113009): Data at line (7) of memory initialization file "font.hex" is too wide to fit in one memory word. Wrapping data to subsequent addresses. File: C:/github/atari-my65816/release/font.hex Line: 7
    Warning (113009): Data at line (8) of memory initialization file "font.hex" is too wide to fit in one memory word. Wrapping data to subsequent addresses. File: C:/github/atari-my65816/release/font.hex Line: 8
    Warning (113009): Data at line (9) of memory initialization file "font.hex" is too wide to fit in one memory word. Wrapping data to subsequent addresses. File: C:/github/atari-my65816/release/font.hex Line: 9
    Warning (113009): Data at line (10) of memory initialization file "font.hex" is too wide to fit in one memory word. Wrapping data to subsequent addresses. File: C:/github/atari-my65816/release/font.hex Line: 10
Info (39024): Processed the following Memory Initialization File(s)
    Info (39025): Processed Memory Initialization File C:/github/atari-my65816/release/font.hex File: C:/github/atari-my65816/release/font.hex Line: 0
    Info (39025): Processed Memory Initialization File C:/github/atari-my65816/release/kernelstart_00.hex File: C:/github/atari-my65816/release/kernelstart_00.hex Line: 0
    Info (39025): Processed Memory Initialization File C:/github/atari-my65816/release/myos_00.hex File: C:/github/atari-my65816/release/myos_00.hex Line: 0
    Info (39025): Processed Memory Initialization File C:/github/atari-my65816/res/palette.mif File: C:/github/atari-my65816/res/palette.mif Line: 0
    Info (39025): Processed Memory Initialization File C:/github/fpga-my65818/opcodes_test.mif File: C:/github/fpga-my65818/opcodes_test.mif Line: 0
Info: Quartus Prime MIF/HEX Update was successful. 0 errors, 33 warnings
    Info: Peak virtual memory: 4708 megabytes
    Info: Processing ended: Mon Jun 06 01:31:19 2022
    Info: Elapsed time: 00:00:02
    Info: Total CPU time (on all processors): 00:00:01


